<?xml version="1.0" encoding="UTF-8"?>
<!-- Generated by org.testng.reporters.JUnitXMLReporter -->
<testsuite ignored="0" hostname="Sewar" failures="0" tests="3" name="Default test" time="14.331" errors="0" timestamp="2025-04-23T14:09:51 EET">
  <testcase classname="testcases.Apptest" name="RadioButton" time="0.208"/>
  <testcase classname="testcases.Apptest" name="Dynamic_Dropdown" time="2.274"/>
  <testcase classname="testcases.Apptest" name="selectButton" time="0.249"/>
</testsuite> <!-- Default test -->
